λ tronbox migrate --network shasta                                                                          
Compiling .\contracts\CandyBox.sol...                                                                       
Compiling .\contracts\TokenTransfer.sol...                                                                  
                                                                                                            
Compilation warnings encountered:                                                                           
                                                                                                            
Warning: This is a pre-release compiler version, please do not use it in production.                        
                                                                                                            
Writing artifacts to .\build\contracts                                                                      
                                                                                                            
Using network 'shasta'.                                                                                     
                                                                                                            
Running migration: 1_initial_migration.js                                                                   
  Replacing Migrations...                                                                                   
  Migrations:                                                                                               
    (base58) TRF7j2ANpeaZSNvav9A2rDS9yjqnNs9eAy                                                             
    (hex) 41a78c23350deda5a800900e14405d2191ea2fd260                                                        
Saving successful migration to network...                                                                   
Saving artifacts...                                                                                         
Running migration: 2_deploy_contracts.js                                                                    
  Replacing ConvertLib...                                                                                   
  ConvertLib:                                                                                               
    (base58) TKLeAXjJRWmwFjjWqvXUR3TiYqCyiFfyX4                                                             
    (hex) 4166c6df5d77aa4446d3a0b73e29ef7d4e73542fae                                                        
  Linking ConvertLib to MetaCoin                                                                            
  Replacing MetaCoin...                                                                                     
  MetaCoin:                                                                                                 
    (base58) TCDVSADXMhrBvpeedHdMrKzkaggfK7XzHS                                                             
    (hex) 4118a3cadbf7f061e0e2ab622b03b0e7d9f85ef874                                                        
Saving successful migration to network...                                                                   
Saving artifacts...                                                                                         
Running migration: 3_deploy_contracts.js                                                                    
  Replacing FixedSupplyToken...                                                                             
  FixedSupplyToken:                                                                                         
    (base58) TDxDbAW3VMLMqYkKp8hfNQFHs7S8Egz9yT                                                             
    (hex) 412bb093fa0f5e9c9ab2402169ce2cc80293809b31                                                        
Saving successful migration to network...                                                                   
Saving artifacts...                                                                                         
Running migration: 4_deploy_contracts.js                                                                    
  Replacing NenmoToken...                                                                                   
  NenmoToken:                                                                                               
    (base58) TKVzrFwWLcqoATvrxcdLkyaH24DCEpo3xx                                                             
    (hex) 41688be213a690a32e7da754bfe60b33f2c9c1d05f                                                        
Saving successful migration to network...                                                                   
Saving artifacts...                                                                                         
Running migration: 5_deploy_contracts.js                                                                    
  Replacing FxtToken...                                                                                     
  FxtToken:                                                                                                 
    (base58) TQmiz8KFpqgbWpeyisYRq5qsrp3QTpZvAc                                                             
    (hex) 41a25decae9d2e6797f8a8a65fb597ec3c5077be2c                                                        
Saving successful migration to network...                                                                   
Saving artifacts...                                                                                         
Running migration: 6_deploy_contracts.js                                                                    
  Replacing TokenTransfer...                                                                                
  TokenTransfer:                                                                                            
    (base58) TFBL8bGkM7kXKQt3oVUSWaoCQo3gezPrZG                                                             
    (hex) 413923927a5d66f19210fefe315184f86d44ac367e                                                        
Saving successful migration to network...                                                                   
Saving artifacts...                                                                                         
Running migration: 7_deploy_contracts.js                                                                    
  Replacing CandyBox...                                                                                     
  CandyBox:                                                                                                 
    (base58) TJWNDAhqskddk3XDsNmf6Effu82VpqK9ed                                                             
    (hex) 415da5969364a3c7e6ac1981b31acabbdcc7cc32ed                                                        
Saving successful migration to network...                                                                   
Saving artifacts...                                                                                         